<?xml version="1.0" encoding="UTF-8"?>
<testsuite name="com.trakingduit.companion.parser.TransactionParserEngineTest" tests="6" skipped="0" failures="0" errors="0" timestamp="2026-08-18T02:50:56.395Z" hostname="annnpii" time="0.15">
  <properties/>
  <testcase name="parseUnknownPackage_returnsNull" classname="com.trakingduit.companion.parser.TransactionParserEngineTest" time="0.067"/>
  <testcase name="parseBRImoIncome_returnsValidNotification" classname="com.trakingduit.companion.parser.TransactionParserEngineTest" time="0.055"/>
  <testcase name="parseBRImoExpense_returnsValidNotification" classname="com.trakingduit.companion.parser.TransactionParserEngineTest" time="0.005"/>
  <testcase name="parseBCAMobileExpense_returnsValidNotification" classname="com.trakingduit.companion.parser.TransactionParserEngineTest" time="0.005"/>
  <testcase name="sha256HashConsistency_producesDeterministicHash" classname="com.trakingduit.companion.parser.TransactionParserEngineTest" time="0.013"/>
  <testcase name="parseShopeePayExpense_returnsValidNotification" classname="com.trakingduit.companion.parser.TransactionParserEngineTest" time="0.002"/>
  <system-out><![CDATA[]]></system-out>
  <system-err><![CDATA[]]></system-err>
</testsuite>
