<?xml version="1.0" encoding="UTF-8"?>
<testsuite name="com.trakingduit.companion.parser.TransactionParserEngineTest" tests="6" skipped="0" failures="0" errors="0" timestamp="2026-08-18T02:50:57.823Z" hostname="annnpii" time="0.105">
  <properties/>
  <testcase name="parseUnknownPackage_returnsNull" classname="com.trakingduit.companion.parser.TransactionParserEngineTest" time="0.045"/>
  <testcase name="parseBRImoIncome_returnsValidNotification" classname="com.trakingduit.companion.parser.TransactionParserEngineTest" time="0.036"/>
  <testcase name="parseBRImoExpense_returnsValidNotification" classname="com.trakingduit.companion.parser.TransactionParserEngineTest" time="0.004"/>
  <testcase name="parseBCAMobileExpense_returnsValidNotification" classname="com.trakingduit.companion.parser.TransactionParserEngineTest" time="0.003"/>
  <testcase name="sha256HashConsistency_producesDeterministicHash" classname="com.trakingduit.companion.parser.TransactionParserEngineTest" time="0.008"/>
  <testcase name="parseShopeePayExpense_returnsValidNotification" classname="com.trakingduit.companion.parser.TransactionParserEngineTest" time="0.002"/>
  <system-out><![CDATA[]]></system-out>
  <system-err><![CDATA[]]></system-err>
</testsuite>
